Build started 5/16/2013 5:30:51 PM.
     1>Project "C:\Users\Jake\Documents\Visual Studio 2010\Projects\Engine\Engine\Engine.vcxproj" on node 2 (build target(s)).
     1>InitializeBuildStatus:
         Creating "Release\Engine.unsuccessfulbuild" because "AlwaysCreate" was specified.
       ClCompile:
         c:\Program Files (x86)\Microsoft Visual Studio 10.0\VC\bin\CL.exe /c /Zi /nologo /W3 /WX- /O2 /Oi /Oy- /GL /D WIN32 /D NDEBUG /D _WINDOWS /D _UNICODE /D UNICODE /Gm- /EHsc /MD /GS /Gy /fp:precise /Zc:wchar_t /Zc:forScope /Fo"Release\\" /Fd"Release\vc100.pdb" /Gd /TP /analyze- /errorReport:prompt Source\applicationclass.cpp Source\main.cpp Source\systemclass.cpp
         applicationclass.cpp
     1>Source\applicationclass.cpp(178): warning C4244: 'argument' : conversion from 'int' to 'FLOAT', possible loss of data
     1>Source\applicationclass.cpp(178): warning C4244: 'argument' : conversion from 'int' to 'FLOAT', possible loss of data
     1>Source\applicationclass.cpp(178): warning C4244: 'argument' : conversion from 'int' to 'FLOAT', possible loss of data
         main.cpp
     1>Source\main.cpp(11): warning C4244: 'argument' : conversion from 'time_t' to 'unsigned int', possible loss of data
         systemclass.cpp
       Link:
         c:\Program Files (x86)\Microsoft Visual Studio 10.0\VC\bin\link.exe /ERRORREPORT:PROMPT /OUT:"C:\Users\Jake\Documents\Visual Studio 2010\Projects\Engine\Release\Engine.exe" /INCREMENTAL:NO /NOLOGO kernel32.lib user32.lib gdi32.lib winspool.lib comdlg32.lib advapi32.lib shell32.lib ole32.lib oleaut32.lib uuid.lib odbc32.lib odbccp32.lib /MANIFEST /ManifestFile:"Release\Engine.exe.intermediate.manifest" /MANIFESTUAC:"level='asInvoker' uiAccess='false'" /DEBUG /PDB:"C:\Users\Jake\Documents\Visual Studio 2010\Projects\Engine\Release\Engine.pdb" /SUBSYSTEM:WINDOWS /OPT:REF /OPT:ICF /LTCG /TLBID:1 /DYNAMICBASE /NXCOMPAT /IMPLIB:"C:\Users\Jake\Documents\Visual Studio 2010\Projects\Engine\Release\Engine.lib" /MACHINE:X86 Release\applicationclass.obj
         Release\cameraclass.obj
         Release\convolutionshaderclass.obj
         Release\cpuclass.obj
         Release\d3dclass.obj
         Release\fluidclass.obj
         Release\fluidshaderclass.obj
         Release\fontclass.obj
         Release\fontshaderclass.obj
         Release\fpsclass.obj
         Release\glowshaderclass.obj
         Release\inputclass.obj
         Release\lightclass.obj
         Release\main.obj
         Release\mergetextureshaderclass.obj
         Release\modelclass.obj
         Release\orthowindowclass.obj
         Release\positionclass.obj
         Release\rendertextureclass.obj
         Release\ShaderClass.obj
         Release\systemclass.obj
         Release\terrainclass.obj
         Release\terrainshaderclass.obj
         Release\textclass.obj
         Release\textureclass.obj
         Release\textureshaderclass.obj
         Release\texturetotextureshaderclass.obj
         Release\timerclass.obj
         Release\verticalblurshaderclass.obj
         Generating code
         Finished generating code
         Engine.vcxproj -> C:\Users\Jake\Documents\Visual Studio 2010\Projects\Engine\Release\Engine.exe
       Manifest:
         C:\Program Files (x86)\Microsoft SDKs\Windows\v7.0A\bin\mt.exe /nologo /verbose /outputresource:"C:\Users\Jake\Documents\Visual Studio 2010\Projects\Engine\Release\Engine.exe;#1" /manifest Release\Engine.exe.intermediate.manifest
       FinalizeBuildStatus:
         Deleting file "Release\Engine.unsuccessfulbuild".
         Touching "Release\Engine.lastbuildstate".
     1>Done Building Project "C:\Users\Jake\Documents\Visual Studio 2010\Projects\Engine\Engine\Engine.vcxproj" (build target(s)).

Build succeeded.

Time Elapsed 00:00:05.56
