C:\Users\Jake\Documents\Visual Studio 2010\Projects\Engine\Debug\Engine.pdb
C:\USERS\JAKE\DOCUMENTS\VISUAL STUDIO 2010\PROJECTS\ENGINE\ENGINE\DEBUG\APPLICATIONCLASS.OBJ
C:\USERS\JAKE\DOCUMENTS\VISUAL STUDIO 2010\PROJECTS\ENGINE\ENGINE\DEBUG\CAMERACLASS.OBJ
C:\Users\Jake\Documents\Visual Studio 2010\Projects\Engine\Engine\Debug\cl.command.1.tlog
C:\Users\Jake\Documents\Visual Studio 2010\Projects\Engine\Engine\Debug\CL.read.1.tlog
C:\Users\Jake\Documents\Visual Studio 2010\Projects\Engine\Engine\Debug\CL.write.1.tlog
C:\USERS\JAKE\DOCUMENTS\VISUAL STUDIO 2010\PROJECTS\ENGINE\ENGINE\DEBUG\CONVOLUTIONSHADERCLASS.OBJ
C:\USERS\JAKE\DOCUMENTS\VISUAL STUDIO 2010\PROJECTS\ENGINE\ENGINE\DEBUG\CPUCLASS.OBJ
C:\USERS\JAKE\DOCUMENTS\VISUAL STUDIO 2010\PROJECTS\ENGINE\ENGINE\DEBUG\D3DCLASS.OBJ
C:\Users\Jake\Documents\Visual Studio 2010\Projects\Engine\Engine\Debug\Engine.exe.embed.manifest
C:\USERS\JAKE\DOCUMENTS\VISUAL STUDIO 2010\PROJECTS\ENGINE\ENGINE\DEBUG\ENGINE.EXE.EMBED.MANIFEST.RES
C:\Users\Jake\Documents\Visual Studio 2010\Projects\Engine\Engine\Debug\Engine.exe.intermediate.manifest
C:\Users\Jake\Documents\Visual Studio 2010\Projects\Engine\Engine\Debug\Engine.write.1.tlog
C:\Users\Jake\Documents\Visual Studio 2010\Projects\Engine\Engine\Debug\Engine_manifest.rc
C:\USERS\JAKE\DOCUMENTS\VISUAL STUDIO 2010\PROJECTS\ENGINE\ENGINE\DEBUG\FLUIDCLASS.OBJ
C:\USERS\JAKE\DOCUMENTS\VISUAL STUDIO 2010\PROJECTS\ENGINE\ENGINE\DEBUG\FLUIDSHADERCLASS.OBJ
C:\USERS\JAKE\DOCUMENTS\VISUAL STUDIO 2010\PROJECTS\ENGINE\ENGINE\DEBUG\FONTCLASS.OBJ
C:\USERS\JAKE\DOCUMENTS\VISUAL STUDIO 2010\PROJECTS\ENGINE\ENGINE\DEBUG\FONTSHADERCLASS.OBJ
C:\USERS\JAKE\DOCUMENTS\VISUAL STUDIO 2010\PROJECTS\ENGINE\ENGINE\DEBUG\FPSCLASS.OBJ
C:\USERS\JAKE\DOCUMENTS\VISUAL STUDIO 2010\PROJECTS\ENGINE\ENGINE\DEBUG\HORIZONTALBLURSHADERCLASS.OBJ
C:\USERS\JAKE\DOCUMENTS\VISUAL STUDIO 2010\PROJECTS\ENGINE\ENGINE\DEBUG\INPUTCLASS.OBJ
C:\USERS\JAKE\DOCUMENTS\VISUAL STUDIO 2010\PROJECTS\ENGINE\ENGINE\DEBUG\LIGHTCLASS.OBJ
C:\Users\Jake\Documents\Visual Studio 2010\Projects\Engine\Engine\Debug\link.command.1.tlog
C:\Users\Jake\Documents\Visual Studio 2010\Projects\Engine\Engine\Debug\link.read.1.tlog
C:\Users\Jake\Documents\Visual Studio 2010\Projects\Engine\Engine\Debug\link.write.1.tlog
C:\Users\Jake\Documents\Visual Studio 2010\Projects\Engine\Engine\Debug\link-cvtres.read.1.tlog
C:\Users\Jake\Documents\Visual Studio 2010\Projects\Engine\Engine\Debug\link-cvtres.write.1.tlog
C:\USERS\JAKE\DOCUMENTS\VISUAL STUDIO 2010\PROJECTS\ENGINE\ENGINE\DEBUG\MAIN.OBJ
C:\USERS\JAKE\DOCUMENTS\VISUAL STUDIO 2010\PROJECTS\ENGINE\ENGINE\DEBUG\MODELCLASS.OBJ
C:\USERS\JAKE\DOCUMENTS\VISUAL STUDIO 2010\PROJECTS\ENGINE\ENGINE\DEBUG\ORTHOWINDOWCLASS.OBJ
C:\USERS\JAKE\DOCUMENTS\VISUAL STUDIO 2010\PROJECTS\ENGINE\ENGINE\DEBUG\POSITIONCLASS.OBJ
C:\Users\Jake\Documents\Visual Studio 2010\Projects\Engine\Engine\Debug\rc.command.1.tlog
C:\Users\Jake\Documents\Visual Studio 2010\Projects\Engine\Engine\Debug\rc.read.1.tlog
C:\Users\Jake\Documents\Visual Studio 2010\Projects\Engine\Engine\Debug\rc.write.1.tlog
C:\USERS\JAKE\DOCUMENTS\VISUAL STUDIO 2010\PROJECTS\ENGINE\ENGINE\DEBUG\RENDERTEXTURECLASS.OBJ
C:\USERS\JAKE\DOCUMENTS\VISUAL STUDIO 2010\PROJECTS\ENGINE\ENGINE\DEBUG\SHADERCLASS.OBJ
C:\USERS\JAKE\DOCUMENTS\VISUAL STUDIO 2010\PROJECTS\ENGINE\ENGINE\DEBUG\SYSTEMCLASS.OBJ
C:\USERS\JAKE\DOCUMENTS\VISUAL STUDIO 2010\PROJECTS\ENGINE\ENGINE\DEBUG\TERRAINCLASS.OBJ
C:\USERS\JAKE\DOCUMENTS\VISUAL STUDIO 2010\PROJECTS\ENGINE\ENGINE\DEBUG\TERRAINSHADERCLASS.OBJ
C:\USERS\JAKE\DOCUMENTS\VISUAL STUDIO 2010\PROJECTS\ENGINE\ENGINE\DEBUG\TEXTCLASS.OBJ
C:\USERS\JAKE\DOCUMENTS\VISUAL STUDIO 2010\PROJECTS\ENGINE\ENGINE\DEBUG\TEXTURECLASS.OBJ
C:\USERS\JAKE\DOCUMENTS\VISUAL STUDIO 2010\PROJECTS\ENGINE\ENGINE\DEBUG\TIMERCLASS.OBJ
C:\Users\Jake\Documents\Visual Studio 2010\Projects\Engine\Engine\Debug\vc100.idb
C:\USERS\JAKE\DOCUMENTS\VISUAL STUDIO 2010\PROJECTS\ENGINE\ENGINE\DEBUG\VC100.PDB
C:\USERS\JAKE\DOCUMENTS\VISUAL STUDIO 2010\PROJECTS\ENGINE\ENGINE\DEBUG\VERTICALBLURSHADERCLASS.OBJ
